e:\acceso rapido\documentos\github\ballsortpuzzle\ballsortpuzzle\x64\debug\vc142.pdb
e:\acceso rapido\documentos\github\ballsortpuzzle\ballsortpuzzle\x64\debug\vc142.idb
e:\acceso rapido\documentos\github\ballsortpuzzle\ballsortpuzzle\x64\debug\tubo.obj
e:\acceso rapido\documentos\github\ballsortpuzzle\ballsortpuzzle\x64\debug\partida.obj
e:\acceso rapido\documentos\github\ballsortpuzzle\ballsortpuzzle\x64\debug\nivel.obj
e:\acceso rapido\documentos\github\ballsortpuzzle\ballsortpuzzle\x64\debug\menu.obj
e:\acceso rapido\documentos\github\ballsortpuzzle\ballsortpuzzle\x64\debug\main.obj
e:\acceso rapido\documentos\github\ballsortpuzzle\ballsortpuzzle\x64\debug\juego.obj
e:\acceso rapido\documentos\github\ballsortpuzzle\ballsortpuzzle\x64\debug\global.obj
e:\acceso rapido\documentos\github\ballsortpuzzle\ballsortpuzzle\x64\debug\boton.obj
e:\acceso rapido\documentos\github\ballsortpuzzle\ballsortpuzzle\x64\debug\bola.obj
e:\acceso rapido\documentos\github\ballsortpuzzle\x64\debug\ballsortpuzzle.exe
e:\acceso rapido\documentos\github\ballsortpuzzle\x64\debug\ballsortpuzzle.ilk
e:\acceso rapido\documentos\github\ballsortpuzzle\x64\debug\ballsortpuzzle.pdb
e:\acceso rapido\documentos\github\ballsortpuzzle\ballsortpuzzle\x64\debug\ballsortpuzzle.tlog\cl.command.1.tlog
e:\acceso rapido\documentos\github\ballsortpuzzle\ballsortpuzzle\x64\debug\ballsortpuzzle.tlog\cl.read.1.tlog
e:\acceso rapido\documentos\github\ballsortpuzzle\ballsortpuzzle\x64\debug\ballsortpuzzle.tlog\cl.write.1.tlog
e:\acceso rapido\documentos\github\ballsortpuzzle\ballsortpuzzle\x64\debug\ballsortpuzzle.tlog\link.command.1.tlog
e:\acceso rapido\documentos\github\ballsortpuzzle\ballsortpuzzle\x64\debug\ballsortpuzzle.tlog\link.read.1.tlog
e:\acceso rapido\documentos\github\ballsortpuzzle\ballsortpuzzle\x64\debug\ballsortpuzzle.tlog\link.write.1.tlog
